<?xml version="1.0" encoding="UTF-8" ?>
<testsuites>
  <testsuite errors="0" failures="0" hostname="FROST-PC" id="0" name="TekEventSpec" package="com.tekdays" tests="1" time="3.814" timestamp="2015-07-18T11:07:42">
      <properties />

      <testcase classname="com.tekdays.TekEventSpec" name="test toString" time="3.701" />

      <system-out><![CDATA[--Output from test toString--
]]></system-out>

      <system-err><![CDATA[--Output from test toString--
]]></system-err>

  </testsuite>
</testsuites>
