# JRE version: Java(TM) SE Runtime Environment (8.0_11-b12) (build 1.8.0_11-b12)
# Java VM: Java HotSpot(TM) 64-Bit Server VM (25.11-b03 mixed mode windows-amd64 compressed oops)
Heap:
 PSYoungGen      total 215552K, used 90280K [0x00000000f0000000, 0x0000000100000000, 0x0000000100000000)
  eden space 177152K, 32% used [0x00000000f0000000,0x00000000f37bb7d8,0x00000000fad00000)
  from space 38400K, 86% used [0x00000000fda80000,0x00000000ffaeeb80,0x0000000100000000)
  to   space 42496K, 0% used [0x00000000fad00000,0x00000000fad00000,0x00000000fd680000)
 ParOldGen       total 77312K, used 64367K [0x00000000d0000000, 0x00000000d4b80000, 0x00000000f0000000)
  object space 77312K, 83% used [0x00000000d0000000,0x00000000d3edbfd8,0x00000000d4b80000)
 Metaspace       used 58988K, capacity 60708K, committed 61056K, reserved 1103872K
  class space    used 6716K, capacity 7217K, committed 7296K, reserved 1048576K
GC Heap History (10 events):
Event: 82.654 GC heap before
{Heap before GC invocations=73 (full 5):
 PSYoungGen      total 220672K, used 186942K [0x00000000f0000000, 0x0000000100000000, 0x0000000100000000)
  eden space 182784K, 99% used [0x00000000f0000000,0x00000000fb0e0a98,0x00000000fb280000)
  from space 37888K, 15% used [0x00000000fb280000,0x00000000fb82efa0,0x00000000fd780000)
  to   space 37888K, 0% used [0x00000000fdb00000,0x00000000fdb00000,0x0000000100000000)
 ParOldGen       total 77312K, used 63959K [0x00000000d0000000, 0x00000000d4b80000, 0x00000000f0000000)
  object space 77312K, 82% used [0x00000000d0000000,0x00000000d3e75fd8,0x00000000d4b80000)
 Metaspace       used 53700K, capacity 55186K, committed 55424K, reserved 1097728K
  class space    used 6026K, capacity 6509K, committed 6528K, reserved 1048576K
Event: 82.700 GC heap after
Heap after GC invocations=73 (full 5):
 PSYoungGen      total 223232K, used 8289K [0x00000000f0000000, 0x00000000fff00000, 0x0000000100000000)
  eden space 186368K, 0% used [0x00000000f0000000,0x00000000f0000000,0x00000000fb600000)
  from space 36864K, 22% used [0x00000000fdb00000,0x00000000fe318440,0x00000000fff00000)
  to   space 37376K, 0% used [0x00000000fb600000,0x00000000fb600000,0x00000000fda80000)
 ParOldGen       total 77312K, used 63967K [0x00000000d0000000, 0x00000000d4b80000, 0x00000000f0000000)
  object space 77312K, 82% used [0x00000000d0000000,0x00000000d3e77fd8,0x00000000d4b80000)
 Metaspace       used 53700K, capacity 55186K, committed 55424K, reserved 1097728K
  class space    used 6026K, capacity 6509K, committed 6528K, reserved 1048576K
}
Event: 85.621 GC heap before
{Heap before GC invocations=74 (full 5):
 PSYoungGen      total 223232K, used 194657K [0x00000000f0000000, 0x00000000fff00000, 0x0000000100000000)
  eden space 186368K, 100% used [0x00000000f0000000,0x00000000fb600000,0x00000000fb600000)
  from space 36864K, 22% used [0x00000000fdb00000,0x00000000fe318440,0x00000000fff00000)
  to   space 37376K, 0% used [0x00000000fb600000,0x00000000fb600000,0x00000000fda80000)
 ParOldGen       total 77312K, used 63967K [0x00000000d0000000, 0x00000000d4b80000, 0x00000000f0000000)
  object space 77312K, 82% used [0x00000000d0000000,0x00000000d3e77fd8,0x00000000d4b80000)
 Metaspace       used 54555K, capacity 56052K, committed 56320K, reserved 1099776K
  class space    used 6138K, capacity 6617K, committed 6656K, reserved 1048576K
Event: 85.650 GC heap after
Heap after GC invocations=74 (full 5):
 PSYoungGen      total 200192K, used 13443K [0x00000000f0000000, 0x00000000ffc80000, 0x0000000100000000)
  eden space 186368K, 0% used [0x00000000f0000000,0x00000000f0000000,0x00000000fb600000)
  from space 13824K, 97% used [0x00000000fb600000,0x00000000fc320f60,0x00000000fc380000)
  to   space 35328K, 0% used [0x00000000fda00000,0x00000000fda00000,0x00000000ffc80000)
 ParOldGen       total 77312K, used 64079K [0x00000000d0000000, 0x00000000d4b80000, 0x00000000f0000000)
  object space 77312K, 82% used [0x00000000d0000000,0x00000000d3e93fd8,0x00000000d4b80000)
 Metaspace       used 54555K, capacity 56052K, committed 56320K, reserved 1099776K
  class space    used 6138K, capacity 6617K, committed 6656K, reserved 1048576K
}
Event: 88.219 GC heap before
{Heap before GC invocations=75 (full 5):
 PSYoungGen      total 200192K, used 199811K [0x00000000f0000000, 0x00000000ffc80000, 0x0000000100000000)
  eden space 186368K, 100% used [0x00000000f0000000,0x00000000fb600000,0x00000000fb600000)
  from space 13824K, 97% used [0x00000000fb600000,0x00000000fc320f60,0x00000000fc380000)
  to   space 35328K, 0% used [0x00000000fda00000,0x00000000fda00000,0x00000000ffc80000)
 ParOldGen       total 77312K, used 64079K [0x00000000d0000000, 0x00000000d4b80000, 0x00000000f0000000)
  object space 77312K, 82% used [0x00000000d0000000,0x00000000d3e93fd8,0x00000000d4b80000)
 Metaspace       used 55832K, capacity 57434K, committed 57728K, reserved 1099776K
  class space    used 6274K, capacity 6755K, committed 6784K, reserved 1048576K
Event: 88.271 GC heap after
Heap after GC invocations=75 (full 5):
 PSYoungGen      total 223232K, used 20490K [0x00000000f0000000, 0x0000000100000000, 0x0000000100000000)
  eden space 187904K, 0% used [0x00000000f0000000,0x00000000f0000000,0x00000000fb780000)
  from space 35328K, 57% used [0x00000000fda00000,0x00000000fee02868,0x00000000ffc80000)
  to   space 35328K, 0% used [0x00000000fb780000,0x00000000fb780000,0x00000000fda00000)
 ParOldGen       total 77312K, used 64111K [0x00000000d0000000, 0x00000000d4b80000, 0x00000000f0000000)
  object space 77312K, 82% used [0x00000000d0000000,0x00000000d3e9bfd8,0x00000000d4b80000)
 Metaspace       used 55832K, capacity 57434K, committed 57728K, reserved 1099776K
  class space    used 6274K, capacity 6755K, committed 6784K, reserved 1048576K
}
Event: 90.832 GC heap before
{Heap before GC invocations=76 (full 5):
 PSYoungGen      total 223232K, used 200076K [0x00000000f0000000, 0x0000000100000000, 0x0000000100000000)
  eden space 187904K, 95% used [0x00000000f0000000,0x00000000faf60b70,0x00000000fb780000)
  from space 35328K, 57% used [0x00000000fda00000,0x00000000fee02868,0x00000000ffc80000)
  to   space 35328K, 0% used [0x00000000fb780000,0x00000000fb780000,0x00000000fda00000)
 ParOldGen       total 77312K, used 64111K [0x00000000d0000000, 0x00000000d4b80000, 0x00000000f0000000)
  object space 77312K, 82% used [0x00000000d0000000,0x00000000d3e9bfd8,0x00000000d4b80000)
 Metaspace       used 57744K, capacity 59428K, committed 59776K, reserved 1101824K
  class space    used 6521K, capacity 7012K, committed 7040K, reserved 1048576K
Event: 90.870 GC heap after
Heap after GC invocations=76 (full 5):
 PSYoungGen      total 223232K, used 29880K [0x00000000f0000000, 0x0000000100000000, 0x0000000100000000)
  eden space 187904K, 0% used [0x00000000f0000000,0x00000000f0000000,0x00000000fb780000)
  from space 35328K, 84% used [0x00000000fb780000,0x00000000fd4ae0d0,0x00000000fda00000)
  to   space 38400K, 0% used [0x00000000fda80000,0x00000000fda80000,0x0000000100000000)
 ParOldGen       total 77312K, used 64255K [0x00000000d0000000, 0x00000000d4b80000, 0x00000000f0000000)
  object space 77312K, 83% used [0x00000000d0000000,0x00000000d3ebffd8,0x00000000d4b80000)
 Metaspace       used 57744K, capacity 59428K, committed 59776K, reserved 1101824K
  class space    used 6521K, capacity 7012K, committed 7040K, reserved 1048576K
}
Event: 92.058 GC heap before
{Heap before GC invocations=77 (full 5):
 PSYoungGen      total 223232K, used 211721K [0x00000000f0000000, 0x0000000100000000, 0x0000000100000000)
  eden space 187904K, 96% used [0x00000000f0000000,0x00000000fb1945b0,0x00000000fb780000)
  from space 35328K, 84% used [0x00000000fb780000,0x00000000fd4ae0d0,0x00000000fda00000)
  to   space 38400K, 0% used [0x00000000fda80000,0x00000000fda80000,0x0000000100000000)
 ParOldGen       total 77312K, used 64255K [0x00000000d0000000, 0x00000000d4b80000, 0x00000000f0000000)
  object space 77312K, 83% used [0x00000000d0000000,0x00000000d3ebffd8,0x00000000d4b80000)
 Metaspace       used 58612K, capacity 60322K, committed 60672K, reserved 1103872K
  class space    used 6662K, capacity 7156K, committed 7168K, reserved 1048576K
Event: 92.091 GC heap after
Heap after GC invocations=77 (full 5):
 PSYoungGen      total 215552K, used 33210K [0x00000000f0000000, 0x0000000100000000, 0x0000000100000000)
  eden space 177152K, 0% used [0x00000000f0000000,0x00000000f0000000,0x00000000fad00000)
  from space 38400K, 86% used [0x00000000fda80000,0x00000000ffaeeb80,0x0000000100000000)
  to   space 42496K, 0% used [0x00000000fad00000,0x00000000fad00000,0x00000000fd680000)
 ParOldGen       total 77312K, used 64367K [0x00000000d0000000, 0x00000000d4b80000, 0x00000000f0000000)
  object space 77312K, 83% used [0x00000000d0000000,0x00000000d3edbfd8,0x00000000d4b80000)
 Metaspace       used 58612K, capacity 60322K, committed 60672K, reserved 1103872K
  class space    used 6662K, capacity 7156K, committed 7168K, reserved 1048576K
}

