# JRE version: Java(TM) SE Runtime Environment (8.0_11-b12) (build 1.8.0_11-b12)
# Java VM: Java HotSpot(TM) 64-Bit Server VM (25.11-b03 mixed mode windows-amd64 compressed oops)
Heap:
 PSYoungGen      total 230400K, used 43917K [0x00000000f0000000, 0x0000000100000000, 0x0000000100000000)
  eden space 198656K, 6% used [0x00000000f0000000,0x00000000f0bea620,0x00000000fc200000)
  from space 31744K, 99% used [0x00000000fc200000,0x00000000fe0f8fc0,0x00000000fe100000)
  to   space 31744K, 0% used [0x00000000fe100000,0x00000000fe100000,0x0000000100000000)
 ParOldGen       total 78336K, used 65955K [0x00000000d0000000, 0x00000000d4c80000, 0x00000000f0000000)
  object space 78336K, 84% used [0x00000000d0000000,0x00000000d4068dd0,0x00000000d4c80000)
 Metaspace       used 58505K, capacity 60230K, committed 60616K, reserved 1103872K
  class space    used 6630K, capacity 7153K, committed 7168K, reserved 1048576K
GC Heap History (10 events):
Event: 55.009 GC heap before
{Heap before GC invocations=63 (full 5):
 PSYoungGen      total 230912K, used 203009K [0x00000000f0000000, 0x00000000fff80000, 0x0000000100000000)
  eden space 200704K, 100% used [0x00000000f0000000,0x00000000fc400000,0x00000000fc400000)
  from space 30208K, 7% used [0x00000000fc400000,0x00000000fc6405b8,0x00000000fe180000)
  to   space 29696K, 0% used [0x00000000fe280000,0x00000000fe280000,0x00000000fff80000)
 ParOldGen       total 78336K, used 64192K [0x00000000d0000000, 0x00000000d4c80000, 0x00000000f0000000)
  object space 78336K, 81% used [0x00000000d0000000,0x00000000d3eb0090,0x00000000d4c80000)
 Metaspace       used 51217K, capacity 52704K, committed 53064K, reserved 1095680K
  class space    used 5721K, capacity 6180K, committed 6272K, reserved 1048576K
Event: 55.018 GC heap after
Heap after GC invocations=63 (full 5):
 PSYoungGen      total 229888K, used 3785K [0x00000000f0000000, 0x00000000ffd80000, 0x0000000100000000)
  eden space 202240K, 0% used [0x00000000f0000000,0x00000000f0000000,0x00000000fc580000)
  from space 27648K, 13% used [0x00000000fe280000,0x00000000fe632668,0x00000000ffd80000)
  to   space 28672K, 0% used [0x00000000fc580000,0x00000000fc580000,0x00000000fe180000)
 ParOldGen       total 78336K, used 64200K [0x00000000d0000000, 0x00000000d4c80000, 0x00000000f0000000)
  object space 78336K, 81% used [0x00000000d0000000,0x00000000d3eb2090,0x00000000d4c80000)
 Metaspace       used 51217K, capacity 52704K, committed 53064K, reserved 1095680K
  class space    used 5721K, capacity 6180K, committed 6272K, reserved 1048576K
}
Event: 58.204 GC heap before
{Heap before GC invocations=64 (full 5):
 PSYoungGen      total 229888K, used 204401K [0x00000000f0000000, 0x00000000ffd80000, 0x0000000100000000)
  eden space 202240K, 99% used [0x00000000f0000000,0x00000000fc3ea100,0x00000000fc580000)
  from space 27648K, 13% used [0x00000000fe280000,0x00000000fe632668,0x00000000ffd80000)
  to   space 28672K, 0% used [0x00000000fc580000,0x00000000fc580000,0x00000000fe180000)
 ParOldGen       total 78336K, used 64200K [0x00000000d0000000, 0x00000000d4c80000, 0x00000000f0000000)
  object space 78336K, 81% used [0x00000000d0000000,0x00000000d3eb2090,0x00000000d4c80000)
 Metaspace       used 53093K, capacity 54608K, committed 55112K, reserved 1097728K
  class space    used 5935K, capacity 6410K, committed 6528K, reserved 1048576K
Event: 58.224 GC heap after
Heap after GC invocations=64 (full 5):
 PSYoungGen      total 230912K, used 7106K [0x00000000f0000000, 0x00000000ffe00000, 0x0000000100000000)
  eden space 202240K, 0% used [0x00000000f0000000,0x00000000f0000000,0x00000000fc580000)
  from space 28672K, 24% used [0x00000000fc580000,0x00000000fcc70850,0x00000000fe180000)
  to   space 27136K, 0% used [0x00000000fe380000,0x00000000fe380000,0x00000000ffe00000)
 ParOldGen       total 78336K, used 64208K [0x00000000d0000000, 0x00000000d4c80000, 0x00000000f0000000)
  object space 78336K, 81% used [0x00000000d0000000,0x00000000d3eb4090,0x00000000d4c80000)
 Metaspace       used 53093K, capacity 54608K, committed 55112K, reserved 1097728K
  class space    used 5935K, capacity 6410K, committed 6528K, reserved 1048576K
}
Event: 59.320 GC heap before
{Heap before GC invocations=65 (full 5):
 PSYoungGen      total 230912K, used 209346K [0x00000000f0000000, 0x00000000ffe00000, 0x0000000100000000)
  eden space 202240K, 100% used [0x00000000f0000000,0x00000000fc580000,0x00000000fc580000)
  from space 28672K, 24% used [0x00000000fc580000,0x00000000fcc70850,0x00000000fe180000)
  to   space 27136K, 0% used [0x00000000fe380000,0x00000000fe380000,0x00000000ffe00000)
 ParOldGen       total 78336K, used 64208K [0x00000000d0000000, 0x00000000d4c80000, 0x00000000f0000000)
  object space 78336K, 81% used [0x00000000d0000000,0x00000000d3eb4090,0x00000000d4c80000)
 Metaspace       used 54093K, capacity 55650K, committed 56008K, reserved 1099776K
  class space    used 6059K, capacity 6541K, committed 6656K, reserved 1048576K
Event: 59.346 GC heap after
Heap after GC invocations=65 (full 5):
 PSYoungGen      total 231936K, used 10574K [0x00000000f0000000, 0x00000000ffc80000, 0x0000000100000000)
  eden space 206336K, 0% used [0x00000000f0000000,0x00000000f0000000,0x00000000fc980000)
  from space 25600K, 41% used [0x00000000fe380000,0x00000000fedd3820,0x00000000ffc80000)
  to   space 26112K, 0% used [0x00000000fc980000,0x00000000fc980000,0x00000000fe300000)
 ParOldGen       total 78336K, used 64216K [0x00000000d0000000, 0x00000000d4c80000, 0x00000000f0000000)
  object space 78336K, 81% used [0x00000000d0000000,0x00000000d3eb6090,0x00000000d4c80000)
 Metaspace       used 54093K, capacity 55650K, committed 56008K, reserved 1099776K
  class space    used 6059K, capacity 6541K, committed 6656K, reserved 1048576K
}
Event: 60.855 GC heap before
{Heap before GC invocations=66 (full 5):
 PSYoungGen      total 231936K, used 216910K [0x00000000f0000000, 0x00000000ffc80000, 0x0000000100000000)
  eden space 206336K, 100% used [0x00000000f0000000,0x00000000fc980000,0x00000000fc980000)
  from space 25600K, 41% used [0x00000000fe380000,0x00000000fedd3820,0x00000000ffc80000)
  to   space 26112K, 0% used [0x00000000fc980000,0x00000000fc980000,0x00000000fe300000)
 ParOldGen       total 78336K, used 64216K [0x00000000d0000000, 0x00000000d4c80000, 0x00000000f0000000)
  object space 78336K, 81% used [0x00000000d0000000,0x00000000d3eb6090,0x00000000d4c80000)
 Metaspace       used 55184K, capacity 56696K, committed 57160K, reserved 1099776K
  class space    used 6205K, capacity 6687K, committed 6784K, reserved 1048576K
Event: 60.891 GC heap after
Heap after GC invocations=66 (full 5):
 PSYoungGen      total 232448K, used 17899K [0x00000000f0000000, 0x0000000100000000, 0x0000000100000000)
  eden space 206336K, 0% used [0x00000000f0000000,0x00000000f0000000,0x00000000fc980000)
  from space 26112K, 68% used [0x00000000fc980000,0x00000000fdafae60,0x00000000fe300000)
  to   space 27648K, 0% used [0x00000000fe500000,0x00000000fe500000,0x0000000100000000)
 ParOldGen       total 78336K, used 64224K [0x00000000d0000000, 0x00000000d4c80000, 0x00000000f0000000)
  object space 78336K, 81% used [0x00000000d0000000,0x00000000d3eb8090,0x00000000d4c80000)
 Metaspace       used 55184K, capacity 56696K, committed 57160K, reserved 1099776K
  class space    used 6205K, capacity 6687K, committed 6784K, reserved 1048576K
}
Event: 62.829 GC heap before
{Heap before GC invocations=67 (full 5):
 PSYoungGen      total 232448K, used 224235K [0x00000000f0000000, 0x0000000100000000, 0x0000000100000000)
  eden space 206336K, 100% used [0x00000000f0000000,0x00000000fc980000,0x00000000fc980000)
  from space 26112K, 68% used [0x00000000fc980000,0x00000000fdafae60,0x00000000fe300000)
  to   space 27648K, 0% used [0x00000000fe500000,0x00000000fe500000,0x0000000100000000)
 ParOldGen       total 78336K, used 64224K [0x00000000d0000000, 0x00000000d4c80000, 0x00000000f0000000)
  object space 78336K, 81% used [0x00000000d0000000,0x00000000d3eb8090,0x00000000d4c80000)
 Metaspace       used 56604K, capacity 58190K, committed 58568K, reserved 1101824K
  class space    used 6327K, capacity 6819K, committed 6912K, reserved 1048576K
Event: 62.869 GC heap after
Heap after GC invocations=67 (full 5):
 PSYoungGen      total 226304K, used 26215K [0x00000000f0000000, 0x0000000100000000, 0x0000000100000000)
  eden space 198656K, 0% used [0x00000000f0000000,0x00000000f0000000,0x00000000fc200000)
  from space 27648K, 94% used [0x00000000fe500000,0x00000000ffe99c78,0x0000000100000000)
  to   space 31744K, 0% used [0x00000000fc200000,0x00000000fc200000,0x00000000fe100000)
 ParOldGen       total 78336K, used 64232K [0x00000000d0000000, 0x00000000d4c80000, 0x00000000f0000000)
  object space 78336K, 81% used [0x00000000d0000000,0x00000000d3eba090,0x00000000d4c80000)
 Metaspace       used 56604K, capacity 58190K, committed 58568K, reserved 1101824K
  class space    used 6327K, capacity 6819K, committed 6912K, reserved 1048576K
}

